Vivado Simulator 2018.3
Time resolution is 1 ps
  ---- 
|       
|       
  ---- 
       |
       |
  ---- 


S
  ---- 
|       
|       
       
|      |
|      |
  ---- 


G
  ---- 
        
        
  ---- 
|      |
|      |
       


M
       
        
        
  ---- 
|      |
|      |
       


N
       
|       
|       
  ---- 
|       
|       
  ---- 


T
       
       |
       |
       
       |
       |
       


I
  ---- 
|      |
|      |
       
|      |
|      |
  ---- 


O
  ---- 
|       
|       
  ---- 
|       
|       
       


F
       
|      |
|      |
       
|      |
|      |
  ---- 


U
       
|       
|       
       
|       
|       
  ---- 


L
  ---- 
|      |
|      |
  ---- 
|      |
|      |
       


A
       
        
        
       
        
        
       


-
  ---- 
|       
|       
       
|       
|       
  ---- 


[
  ---- 
       |
       |
       
       |
       |
  ---- 


]
  ---- 
|       
|       
  ---- 
|       
|       
  ---- 


E
       
        
        
       
        
        
       


-
  ---- 
|       
|       
  ---- 
       |
       |
  ---- 


S
  ---- 
|       
|       
       
|      |
|      |
  ---- 


G
  ---- 
        
        
  ---- 
|      |
|      |
       


M
       
        
        
  ---- 
|      |
|      |
       


N
       
|       
|       
  ---- 
|       
|       
  ---- 


T
       
       |
       |
       
       |
       |
       


I
  ---- 
|      |
|      |
       
|      |
|      |
  ---- 


O
  ---- 
|       
|       
  ---- 
|       
|       
       


F
       
|      |
|      |
       
|      |
|      |
  ---- 


U
       
|       
|       
       
|       
|       
  ---- 


L
  ---- 
|      |
|      |
  ---- 
|      |
|      |
       


A
       
        
        
       
        
        
       


-
  ---- 
|       
|       
       
|       
|       
  ---- 


[
  ---- 
       |
       |
       
       |
       |
  ---- 


]
  ---- 
|       
|       
  ---- 
|       
|       
  ---- 


E
       
        
        
       
        
        
       


-
  ---- 
|       
|       
  ---- 
       |
       |
  ---- 


S
  ---- 
|       
|       
       
|      |
|      |
  ---- 


G
  ---- 
        
        
  ---- 
|      |
|      |
       


M
       
        
        
  ---- 
|      |
|      |
       


N
       
|       
|       
  ---- 
|       
|       
  ---- 


T
       
       |
       |
       
       |
       |
       


I
  ---- 
|      |
|      |
       
|      |
|      |
  ---- 


O
  ---- 
|       
|       
  ---- 
|       
|       
       


F
       
|      |
|      |
       
|      |
|      |
  ---- 


U
       
|       
|       
       
|       
|       
  ---- 


L
  ---- 
|      |
|      |
  ---- 
|      |
|      |
       


A
       
        
        
       
        
        
       


-
  ---- 
|       
|       
       
|       
|       
  ---- 


[
  ---- 
       |
       |
       
       |
       |
  ---- 


]
  ---- 
|       
|       
  ---- 
|       
|       
  ---- 


E
       
        
        
       
        
        
       


-
  ---- 
|       
|       
  ---- 
       |
       |
  ---- 


S
  ---- 
|       
|       
       
|      |
|      |
  ---- 


G
  ---- 
        
        
  ---- 
|      |
|      |
       


M
       
        
        
  ---- 
|      |
|      |
       


N
       
|       
|       
  ---- 
|       
|       
  ---- 


T
       
       |
       |
       
       |
       |
       


I
  ---- 
|      |
|      |
       
|      |
|      |
  ---- 


O
  ---- 
|       
|       
  ---- 
|       
|       
       


F
       
|      |
|      |
       
|      |
|      |
  ---- 


U
       
|       
|       
       
|       
|       
  ---- 


L
  ---- 
|      |
|      |
  ---- 
|      |
|      |
       


A
       
        
        
       
        
        
       


-
  ---- 
|       
|       
       
|       
|       
  ---- 


[
  ---- 
       |
       |
       
       |
       |
  ---- 


]
  ---- 
|       
|       
  ---- 
|       
|       
  ---- 


E
       
        
        
       
        
        
       


-
  ---- 
|       
|       
  ---- 
       |
       |
  ---- 


S
  ---- 
|       
|       
       
|      |
|      |
  ---- 


G
  ---- 
        
        
  ---- 
|      |
|      |
       


M
       
        
        
  ---- 
|      |
|      |
       


N
       
|       
|       
  ---- 
|       
|       
  ---- 


T
       
       |
       |
       
       |
       |
       


I
  ---- 
|      |
|      |
       
|      |
|      |
  ---- 


O
  ---- 
|       
|       
  ---- 
|       
|       
       


F
       
|      |
|      |
       
|      |
|      |
  ---- 


U
       
|       
|       
       
|       
|       
  ---- 


L
  ---- 
|      |
|      |
  ---- 
|      |
|      |
       


A
       
        
        
       
        
        
       


-
  ---- 
|       
|       
       
|       
|       
  ---- 


[
  ---- 
       |
       |
       
       |
       |
  ---- 


]
  ---- 
|       
|       
  ---- 
|       
|       
  ---- 


E
       
        
        
       
        
        
       


-
  ---- 
|       
|       
  ---- 
       |
       |
  ---- 


S
  ---- 
|       
|       
       
|      |
|      |
  ---- 


G
  ---- 
        
        
  ---- 
|      |
|      |
       


M
       
        
        
  ---- 
|      |
|      |
       


N
       
|       
|       
  ---- 
|       
|       
  ---- 


T
       
       |
       |
       
       |
       |
       


I
  ---- 
|      |
|      |
       
|      |
|      |
  ---- 


O
  ---- 
|       
|       
  ---- 
|       
|       
       


F
       
|      |
|      |
       
|      |
|      |
  ---- 


U
       
|       
|       
       
|       
|       
  ---- 


L
  ---- 
|      |
|      |
  ---- 
|      |
|      |
       


A
       
        
        
       
        
        
       


-
  ---- 
|       
|       
       
|       
|       
  ---- 


[
  ---- 
       |
       |
       
       |
       |
  ---- 


]
  ---- 
|       
|       
  ---- 
|       
|       
  ---- 


E
       
        
        
       
        
        
       


-
  ---- 
|       
|       
  ---- 
       |
       |
  ---- 


S
  ---- 
|       
|       
       
|      |
|      |
  ---- 


G
  ---- 
        
        
  ---- 
|      |
|      |
       


M
       
        
        
  ---- 
|      |
|      |
       


N
