Copyright 1986-2018 Xilinx, Inc. All Rights Reserved.
-----------------------------------------------------------------------------------------------
| Tool Version : Vivado v.2018.3 (win64) Build 2405991 Thu Dec  6 23:38:27 MST 2018
| Date         : Wed Oct 23 00:05:04 2024
| Host         : DESKTOP-922FQ13 running 64-bit major release  (build 9200)
| Command      : report_control_sets -verbose -file FourDigitLEDdriver_control_sets_placed.rpt
| Design       : FourDigitLEDdriver
| Device       : xc7a100t
-----------------------------------------------------------------------------------------------

Control Set Information

Table of Contents
-----------------
1. Summary
2. Histogram
3. Flip-Flop Distribution
4. Detailed Control Set Information

1. Summary
----------

+----------------------------------------------------------+-------+
|                          Status                          | Count |
+----------------------------------------------------------+-------+
| Number of unique control sets                            |     4 |
| Unused register locations in slices containing registers |    11 |
+----------------------------------------------------------+-------+


2. Histogram
------------

+--------+--------------+
| Fanout | Control Sets |
+--------+--------------+
|      5 |            2 |
|      6 |            1 |
|     13 |            1 |
+--------+--------------+


3. Flip-Flop Distribution
-------------------------

+--------------+-----------------------+------------------------+-----------------+--------------+
| Clock Enable | Synchronous Set/Reset | Asynchronous Set/Reset | Total Registers | Total Slices |
+--------------+-----------------------+------------------------+-----------------+--------------+
| No           | No                    | No                     |               6 |            1 |
| No           | No                    | Yes                    |              13 |            4 |
| No           | Yes                   | No                     |               5 |            1 |
| Yes          | No                    | No                     |               0 |            0 |
| Yes          | No                    | Yes                    |               5 |            2 |
| Yes          | Yes                   | No                     |               0 |            0 |
+--------------+-----------------------+------------------------+-----------------+--------------+


4. Detailed Control Set Information
-----------------------------------

+---------------+--------------------------------------------+-----------------------------------+------------------+----------------+
|  Clock Signal |                Enable Signal               |          Set/Reset Signal         | Slice Load Count | Bel Load Count |
+---------------+--------------------------------------------+-----------------------------------+------------------+----------------+
|  new_clk_BUFG |                                            | Debouncer_inst/counter[4]_i_1_n_0 |                1 |              5 |
|  new_clk_BUFG | Incrementer_inst/button_presses[4]_i_1_n_0 | Debouncer_inst/AR[0]              |                2 |              5 |
|  new_clk_BUFG |                                            |                                   |                1 |              6 |
|  new_clk_BUFG |                                            | Debouncer_inst/AR[0]              |                4 |             13 |
+---------------+--------------------------------------------+-----------------------------------+------------------+----------------+


