Vivado Simulator 2018.3
Copyright 1986-1999, 2001-2018 Xilinx, Inc. All Rights Reserved.
Running: D:/Vivado/2018.3/bin/unwrapped/win64.o/xelab.exe -wto fd6583d90e4a4e9b925a9e76e8fa79b9 --incr --debug typical --relax --mt 2 --maxdelay -L xil_defaultlib -L simprims_ver -L secureip --snapshot SenderTestModule_tb_time_impl -transport_int_delays -pulse_r 0 -pulse_int_r 0 -pulse_e 0 -pulse_int_e 0 xil_defaultlib.SenderTestModule_tb xil_defaultlib.glbl -log elaborate.log 
Using 2 slave threads.
Starting static elaboration
Completed static elaboration
Starting simulation data flow analysis
Completed simulation data flow analysis
INFO: [XSIM 43-3451] SDF backannotation process started with SDF file "SenderTestModule_tb_time_impl.sdf", for root module "SenderTestModule_tb/SSD_Transmittor_Driver_inst".
INFO: [XSIM 43-3452] SDF backannotation was successful for SDF file "SenderTestModule_tb_time_impl.sdf", for root module "SenderTestModule_tb/SSD_Transmittor_Driver_inst".
Time Resolution for simulation is 1ps
Compiling module simprims_ver.FDCE_default
Compiling module simprims_ver.x_lut2_mux4
Compiling module simprims_ver.LUT2
Compiling module xil_defaultlib.Hold_to_step
Compiling module simprims_ver.OBUF
Compiling module simprims_ver.LUT4
Compiling module simprims_ver.LUT6
Compiling module xil_defaultlib.CharacterDecoder
Compiling module simprims_ver.x_lut1_mux2
Compiling module simprims_ver.LUT1
Compiling module simprims_ver.x_lut3_mux8
Compiling module simprims_ver.LUT3
Compiling module xil_defaultlib.ConstCounter
Compiling module simprims_ver.MMCME2_ADV(CLKFBOUT_MULT_F=6.0,C...
Compiling module simprims_ver.BUFG
Compiling module xil_defaultlib.FourDigitLEDdriver
Compiling module xil_defaultlib.Hold_to_step_4
Compiling module simprims_ver.FDRE_default
Compiling module simprims_ver.LUT5
Compiling module xil_defaultlib.Debouncer_5
Compiling module simprims_ver.FDPE_default
Compiling module simprims_ver.CARRY4
Compiling module xil_defaultlib.baud_controller_r
Compiling module xil_defaultlib.uart_receiver
Compiling module xil_defaultlib.Listener
Compiling module simprims_ver.IBUF
Compiling module xil_defaultlib.Debouncer
Compiling module xil_defaultlib.Hold_to_step_1
Compiling module xil_defaultlib.Debouncer_2
Compiling module xil_defaultlib.baud_controller_t
Compiling module xil_defaultlib.uart_transmitter
Compiling module xil_defaultlib.Debouncer_3
Compiling module xil_defaultlib.Sender
Compiling module xil_defaultlib.Debouncer_0
Compiling module xil_defaultlib.SSD_Transmittor_Driver
Compiling module xil_defaultlib.SenderTestModule_tb
Compiling module xil_defaultlib.glbl
Built simulation snapshot SenderTestModule_tb_time_impl
