INFO: [VRFC 10-2263] Analyzing Verilog file "C:/Users/panag/Desktop/GitHub/Repositories/Vivado-Code/Lab2/lab2_project/lab2_project.sim/sim_1/synth/timing/xsim/tb_receiver_time_synth.v" into library xil_defaultlib
INFO: [VRFC 10-311] analyzing module Debouncer
INFO: [VRFC 10-311] analyzing module Debouncer_0
INFO: [VRFC 10-311] analyzing module UART_controller
INFO: [VRFC 10-311] analyzing module baud_controller_r
INFO: [VRFC 10-311] analyzing module baud_controller_t
INFO: [VRFC 10-311] analyzing module synchronizer
INFO: [VRFC 10-311] analyzing module uart_receiver
INFO: [VRFC 10-311] analyzing module uart_transmitter
INFO: [VRFC 10-311] analyzing module glbl
INFO: [VRFC 10-2263] Analyzing Verilog file "C:/Users/panag/Desktop/GitHub/Repositories/Vivado-Code/Lab2/Source Code/Controller src/baud_controller_r.v" into library xil_defaultlib
INFO: [VRFC 10-311] analyzing module baud_controller_r
WARNING: [VRFC 10-3609] overwriting previous definition of module 'baud_controller_r' [C:/Users/panag/Desktop/GitHub/Repositories/Vivado-Code/Lab2/Source Code/Controller src/baud_controller_r.v:2]
INFO: [VRFC 10-2263] Analyzing Verilog file "C:/Users/panag/Desktop/GitHub/Repositories/Vivado-Code/Lab2/Source Code/Controller src/baud_controller_t.v" into library xil_defaultlib
INFO: [VRFC 10-311] analyzing module baud_controller_t
WARNING: [VRFC 10-3609] overwriting previous definition of module 'baud_controller_t' [C:/Users/panag/Desktop/GitHub/Repositories/Vivado-Code/Lab2/Source Code/Controller src/baud_controller_t.v:2]
INFO: [VRFC 10-2263] Analyzing Verilog file "C:/Users/panag/Desktop/GitHub/Repositories/Vivado-Code/Lab2/Optional Source Code/Optional src/synchronizer.v" into library xil_defaultlib
INFO: [VRFC 10-311] analyzing module synchronizer
WARNING: [VRFC 10-3609] overwriting previous definition of module 'synchronizer' [C:/Users/panag/Desktop/GitHub/Repositories/Vivado-Code/Lab2/Optional Source Code/Optional src/synchronizer.v:2]
INFO: [VRFC 10-2263] Analyzing Verilog file "C:/Users/panag/Desktop/GitHub/Repositories/Vivado-Code/Lab2/Source Code/UART src/uart_receiver.v" into library xil_defaultlib
INFO: [VRFC 10-311] analyzing module uart_receiver
WARNING: [VRFC 10-3609] overwriting previous definition of module 'uart_receiver' [C:/Users/panag/Desktop/GitHub/Repositories/Vivado-Code/Lab2/Source Code/UART src/uart_receiver.v:26]
INFO: [VRFC 10-2263] Analyzing Verilog file "C:/Users/panag/Desktop/GitHub/Repositories/Vivado-Code/Lab2/Source Code/Testbenches/receive_tb.v" into library xil_defaultlib
INFO: [VRFC 10-311] analyzing module tb_receiver
