Copyright 1986-2018 Xilinx, Inc. All Rights Reserved.
-----------------------------------------------------------------------------------------------
| Tool Version : Vivado v.2018.3 (win64) Build 2405991 Thu Dec  6 23:38:27 MST 2018
| Date         : Mon Oct 14 20:14:44 2024
| Host         : DESKTOP-922FQ13 running 64-bit major release  (build 9200)
| Command      : report_control_sets -verbose -file FourDigitLEDdriver_control_sets_placed.rpt
| Design       : FourDigitLEDdriver
| Device       : xc7a100t
-----------------------------------------------------------------------------------------------

Control Set Information

Table of Contents
-----------------
1. Summary
2. Histogram
3. Flip-Flop Distribution
4. Detailed Control Set Information

1. Summary
----------

+----------------------------------------------------------+-------+
|                          Status                          | Count |
+----------------------------------------------------------+-------+
| Number of unique control sets                            |     3 |
| Unused register locations in slices containing registers |    16 |
+----------------------------------------------------------+-------+


2. Histogram
------------

+--------+--------------+
| Fanout | Control Sets |
+--------+--------------+
|      2 |            2 |
|      4 |            1 |
+--------+--------------+


3. Flip-Flop Distribution
-------------------------

+--------------+-----------------------+------------------------+-----------------+--------------+
| Clock Enable | Synchronous Set/Reset | Asynchronous Set/Reset | Total Registers | Total Slices |
+--------------+-----------------------+------------------------+-----------------+--------------+
| No           | No                    | No                     |               4 |            2 |
| No           | No                    | Yes                    |               4 |            2 |
| No           | Yes                   | No                     |               0 |            0 |
| Yes          | No                    | No                     |               0 |            0 |
| Yes          | No                    | Yes                    |               0 |            0 |
| Yes          | Yes                   | No                     |               0 |            0 |
+--------------+-----------------------+------------------------+-----------------+--------------+


4. Detailed Control Set Information
-----------------------------------

+----------------------+---------------+------------------+------------------+----------------+
|     Clock Signal     | Enable Signal | Set/Reset Signal | Slice Load Count | Bel Load Count |
+----------------------+---------------+------------------+------------------+----------------+
|  char_reg[1]_i_2_n_0 |               |                  |                1 |              2 |
|  clk_IBUF_BUFG       |               |                  |                1 |              2 |
|  new_clk_BUFG        |               | reset_sync       |                2 |              4 |
+----------------------+---------------+------------------+------------------+----------------+


