Copyright 1986-2018 Xilinx, Inc. All Rights Reserved.
-----------------------------------------------------------------------------------------------------------------------------------------------------------------------------------
| Tool Version : Vivado v.2018.3 (win64) Build 2405991 Thu Dec  6 23:38:27 MST 2018
| Date         : Mon Nov 11 18:02:40 2024
| Host         : DESKTOP-922FQ13 running 64-bit major release  (build 9200)
| Command      : report_methodology -file UART_controller_methodology_drc_routed.rpt -pb UART_controller_methodology_drc_routed.pb -rpx UART_controller_methodology_drc_routed.rpx
| Design       : UART_controller
| Device       : xc7a100tcsg324-1
| Speed File   : -1
| Design State : Fully Routed
-----------------------------------------------------------------------------------------------------------------------------------------------------------------------------------

Report Methodology

Table of Contents
-----------------
1. REPORT SUMMARY
2. REPORT DETAILS

1. REPORT SUMMARY
-----------------
            Netlist: netlist
          Floorplan: design_1
      Design limits: <entire design considered>
             Max violations: <unlimited>
             Violations found: 151
+-----------+----------+------------------------------+------------+
| Rule      | Severity | Description                  | Violations |
+-----------+----------+------------------------------+------------+
| LUTAR-1   | Warning  | LUT drives async reset alert | 1          |
| TIMING-17 | Warning  | Non-clocked sequential cell  | 150        |
+-----------+----------+------------------------------+------------+

2. REPORT DETAILS
-----------------
LUTAR-1#1 Warning
LUT drives async reset alert  
LUT cell reset_debouncer/FSM_onehot_cur_state[12]_i_2, with 2 or more inputs, drives asynchronous preset/clear pin(s) uart_receiver_inst/FSM_onehot_cur_state_reg[10]/CLR, uart_receiver_inst/FSM_onehot_cur_state_reg[11]/CLR, uart_receiver_inst/FSM_onehot_cur_state_reg[13]/CLR, uart_receiver_inst/FSM_onehot_cur_state_reg[1]/CLR, uart_receiver_inst/FSM_onehot_cur_state_reg[2]/CLR, uart_receiver_inst/FSM_onehot_cur_state_reg[3]/CLR, uart_receiver_inst/FSM_onehot_cur_state_reg[4]/CLR, uart_receiver_inst/FSM_onehot_cur_state_reg[5]/CLR, uart_receiver_inst/FSM_onehot_cur_state_reg[6]/CLR, uart_receiver_inst/FSM_onehot_cur_state_reg[7]/CLR, uart_receiver_inst/FSM_onehot_cur_state_reg[8]/CLR, uart_receiver_inst/FSM_onehot_cur_state_reg[9]/CLR, uart_receiver_inst/Rx_DATA_reg[0]/CLR, uart_receiver_inst/Rx_DATA_reg[0]_lopt_replica/CLR, uart_receiver_inst/Rx_DATA_reg[1]/CLR (the first 15 of 118 listed). The LUT may glitch and trigger an unexpected reset, even if it is a properly timed path.
Related violations: <none>

TIMING-17#1 Warning
Non-clocked sequential cell  
The clock pin FSM_sequential_cur_state_reg[0]/C is not reached by a timing clock
Related violations: <none>

TIMING-17#2 Warning
Non-clocked sequential cell  
The clock pin FSM_sequential_cur_state_reg[1]/C is not reached by a timing clock
Related violations: <none>

TIMING-17#3 Warning
Non-clocked sequential cell  
The clock pin Hold_to_step_inst/FF_reg[0]/C is not reached by a timing clock
Related violations: <none>

TIMING-17#4 Warning
Non-clocked sequential cell  
The clock pin Hold_to_step_inst/FF_reg[1]/C is not reached by a timing clock
Related violations: <none>

TIMING-17#5 Warning
Non-clocked sequential cell  
The clock pin buffer_reg[0]/C is not reached by a timing clock
Related violations: <none>

TIMING-17#6 Warning
Non-clocked sequential cell  
The clock pin buffer_reg[1]/C is not reached by a timing clock
Related violations: <none>

TIMING-17#7 Warning
Non-clocked sequential cell  
The clock pin buffer_reg[2]/C is not reached by a timing clock
Related violations: <none>

TIMING-17#8 Warning
Non-clocked sequential cell  
The clock pin buffer_reg[3]/C is not reached by a timing clock
Related violations: <none>

TIMING-17#9 Warning
Non-clocked sequential cell  
The clock pin buffer_reg[4]/C is not reached by a timing clock
Related violations: <none>

TIMING-17#10 Warning
Non-clocked sequential cell  
The clock pin buffer_reg[5]/C is not reached by a timing clock
Related violations: <none>

TIMING-17#11 Warning
Non-clocked sequential cell  
The clock pin buffer_reg[6]/C is not reached by a timing clock
Related violations: <none>

TIMING-17#12 Warning
Non-clocked sequential cell  
The clock pin buffer_reg[7]/C is not reached by a timing clock
Related violations: <none>

TIMING-17#13 Warning
Non-clocked sequential cell  
The clock pin reset_debouncer/FF_wire_reg[0]/C is not reached by a timing clock
Related violations: <none>

TIMING-17#14 Warning
Non-clocked sequential cell  
The clock pin reset_debouncer/FF_wire_reg[1]/C is not reached by a timing clock
Related violations: <none>

TIMING-17#15 Warning
Non-clocked sequential cell  
The clock pin reset_debouncer/FF_wire_reg[2]/C is not reached by a timing clock
Related violations: <none>

TIMING-17#16 Warning
Non-clocked sequential cell  
The clock pin reset_debouncer/button_debounced_reg/C is not reached by a timing clock
Related violations: <none>

TIMING-17#17 Warning
Non-clocked sequential cell  
The clock pin reset_debouncer/counter_reg[0]/C is not reached by a timing clock
Related violations: <none>

TIMING-17#18 Warning
Non-clocked sequential cell  
The clock pin reset_debouncer/counter_reg[1]/C is not reached by a timing clock
Related violations: <none>

TIMING-17#19 Warning
Non-clocked sequential cell  
The clock pin reset_debouncer/counter_reg[2]/C is not reached by a timing clock
Related violations: <none>

TIMING-17#20 Warning
Non-clocked sequential cell  
The clock pin reset_debouncer/counter_reg[3]/C is not reached by a timing clock
Related violations: <none>

TIMING-17#21 Warning
Non-clocked sequential cell  
The clock pin reset_debouncer/counter_reg[4]/C is not reached by a timing clock
Related violations: <none>

TIMING-17#22 Warning
Non-clocked sequential cell  
The clock pin uart_receiver_inst/FSM_onehot_cur_state_reg[0]/C is not reached by a timing clock
Related violations: <none>

TIMING-17#23 Warning
Non-clocked sequential cell  
The clock pin uart_receiver_inst/FSM_onehot_cur_state_reg[10]/C is not reached by a timing clock
Related violations: <none>

TIMING-17#24 Warning
Non-clocked sequential cell  
The clock pin uart_receiver_inst/FSM_onehot_cur_state_reg[11]/C is not reached by a timing clock
Related violations: <none>

TIMING-17#25 Warning
Non-clocked sequential cell  
The clock pin uart_receiver_inst/FSM_onehot_cur_state_reg[13]/C is not reached by a timing clock
Related violations: <none>

TIMING-17#26 Warning
Non-clocked sequential cell  
The clock pin uart_receiver_inst/FSM_onehot_cur_state_reg[1]/C is not reached by a timing clock
Related violations: <none>

TIMING-17#27 Warning
Non-clocked sequential cell  
The clock pin uart_receiver_inst/FSM_onehot_cur_state_reg[2]/C is not reached by a timing clock
Related violations: <none>

TIMING-17#28 Warning
Non-clocked sequential cell  
The clock pin uart_receiver_inst/FSM_onehot_cur_state_reg[3]/C is not reached by a timing clock
Related violations: <none>

TIMING-17#29 Warning
Non-clocked sequential cell  
The clock pin uart_receiver_inst/FSM_onehot_cur_state_reg[4]/C is not reached by a timing clock
Related violations: <none>

TIMING-17#30 Warning
Non-clocked sequential cell  
The clock pin uart_receiver_inst/FSM_onehot_cur_state_reg[5]/C is not reached by a timing clock
Related violations: <none>

TIMING-17#31 Warning
Non-clocked sequential cell  
The clock pin uart_receiver_inst/FSM_onehot_cur_state_reg[6]/C is not reached by a timing clock
Related violations: <none>

TIMING-17#32 Warning
Non-clocked sequential cell  
The clock pin uart_receiver_inst/FSM_onehot_cur_state_reg[7]/C is not reached by a timing clock
Related violations: <none>

TIMING-17#33 Warning
Non-clocked sequential cell  
The clock pin uart_receiver_inst/FSM_onehot_cur_state_reg[8]/C is not reached by a timing clock
Related violations: <none>

TIMING-17#34 Warning
Non-clocked sequential cell  
The clock pin uart_receiver_inst/FSM_onehot_cur_state_reg[9]/C is not reached by a timing clock
Related violations: <none>

TIMING-17#35 Warning
Non-clocked sequential cell  
The clock pin uart_receiver_inst/Rx_DATA_reg[0]/C is not reached by a timing clock
Related violations: <none>

TIMING-17#36 Warning
Non-clocked sequential cell  
The clock pin uart_receiver_inst/Rx_DATA_reg[0]_lopt_replica/C is not reached by a timing clock
Related violations: <none>

TIMING-17#37 Warning
Non-clocked sequential cell  
The clock pin uart_receiver_inst/Rx_DATA_reg[1]/C is not reached by a timing clock
Related violations: <none>

TIMING-17#38 Warning
Non-clocked sequential cell  
The clock pin uart_receiver_inst/Rx_DATA_reg[1]_lopt_replica/C is not reached by a timing clock
Related violations: <none>

TIMING-17#39 Warning
Non-clocked sequential cell  
The clock pin uart_receiver_inst/Rx_DATA_reg[2]/C is not reached by a timing clock
Related violations: <none>

TIMING-17#40 Warning
Non-clocked sequential cell  
The clock pin uart_receiver_inst/Rx_DATA_reg[2]_lopt_replica/C is not reached by a timing clock
Related violations: <none>

TIMING-17#41 Warning
Non-clocked sequential cell  
The clock pin uart_receiver_inst/Rx_DATA_reg[3]/C is not reached by a timing clock
Related violations: <none>

TIMING-17#42 Warning
Non-clocked sequential cell  
The clock pin uart_receiver_inst/Rx_DATA_reg[3]_lopt_replica/C is not reached by a timing clock
Related violations: <none>

TIMING-17#43 Warning
Non-clocked sequential cell  
The clock pin uart_receiver_inst/Rx_DATA_reg[4]/C is not reached by a timing clock
Related violations: <none>

TIMING-17#44 Warning
Non-clocked sequential cell  
The clock pin uart_receiver_inst/Rx_DATA_reg[4]_lopt_replica/C is not reached by a timing clock
Related violations: <none>

TIMING-17#45 Warning
Non-clocked sequential cell  
The clock pin uart_receiver_inst/Rx_DATA_reg[5]/C is not reached by a timing clock
Related violations: <none>

TIMING-17#46 Warning
Non-clocked sequential cell  
The clock pin uart_receiver_inst/Rx_DATA_reg[5]_lopt_replica/C is not reached by a timing clock
Related violations: <none>

TIMING-17#47 Warning
Non-clocked sequential cell  
The clock pin uart_receiver_inst/Rx_DATA_reg[6]/C is not reached by a timing clock
Related violations: <none>

TIMING-17#48 Warning
Non-clocked sequential cell  
The clock pin uart_receiver_inst/Rx_DATA_reg[6]_lopt_replica/C is not reached by a timing clock
Related violations: <none>

TIMING-17#49 Warning
Non-clocked sequential cell  
The clock pin uart_receiver_inst/Rx_DATA_reg[7]/C is not reached by a timing clock
Related violations: <none>

TIMING-17#50 Warning
Non-clocked sequential cell  
The clock pin uart_receiver_inst/Rx_DATA_reg[7]_lopt_replica/C is not reached by a timing clock
Related violations: <none>

TIMING-17#51 Warning
Non-clocked sequential cell  
The clock pin uart_receiver_inst/Rx_FERROR_reg/C is not reached by a timing clock
Related violations: <none>

TIMING-17#52 Warning
Non-clocked sequential cell  
The clock pin uart_receiver_inst/Rx_PERROR_reg/C is not reached by a timing clock
Related violations: <none>

TIMING-17#53 Warning
Non-clocked sequential cell  
The clock pin uart_receiver_inst/Rx_VALID_reg/C is not reached by a timing clock
Related violations: <none>

TIMING-17#54 Warning
Non-clocked sequential cell  
The clock pin uart_receiver_inst/baud_controller_r_inst/counter_reg[0]/C is not reached by a timing clock
Related violations: <none>

TIMING-17#55 Warning
Non-clocked sequential cell  
The clock pin uart_receiver_inst/baud_controller_r_inst/counter_reg[10]/C is not reached by a timing clock
Related violations: <none>

TIMING-17#56 Warning
Non-clocked sequential cell  
The clock pin uart_receiver_inst/baud_controller_r_inst/counter_reg[11]/C is not reached by a timing clock
Related violations: <none>

TIMING-17#57 Warning
Non-clocked sequential cell  
The clock pin uart_receiver_inst/baud_controller_r_inst/counter_reg[12]/C is not reached by a timing clock
Related violations: <none>

TIMING-17#58 Warning
Non-clocked sequential cell  
The clock pin uart_receiver_inst/baud_controller_r_inst/counter_reg[13]/C is not reached by a timing clock
Related violations: <none>

TIMING-17#59 Warning
Non-clocked sequential cell  
The clock pin uart_receiver_inst/baud_controller_r_inst/counter_reg[14]/C is not reached by a timing clock
Related violations: <none>

TIMING-17#60 Warning
Non-clocked sequential cell  
The clock pin uart_receiver_inst/baud_controller_r_inst/counter_reg[15]/C is not reached by a timing clock
Related violations: <none>

TIMING-17#61 Warning
Non-clocked sequential cell  
The clock pin uart_receiver_inst/baud_controller_r_inst/counter_reg[16]/C is not reached by a timing clock
Related violations: <none>

TIMING-17#62 Warning
Non-clocked sequential cell  
The clock pin uart_receiver_inst/baud_controller_r_inst/counter_reg[17]/C is not reached by a timing clock
Related violations: <none>

TIMING-17#63 Warning
Non-clocked sequential cell  
The clock pin uart_receiver_inst/baud_controller_r_inst/counter_reg[18]/C is not reached by a timing clock
Related violations: <none>

TIMING-17#64 Warning
Non-clocked sequential cell  
The clock pin uart_receiver_inst/baud_controller_r_inst/counter_reg[19]/C is not reached by a timing clock
Related violations: <none>

TIMING-17#65 Warning
Non-clocked sequential cell  
The clock pin uart_receiver_inst/baud_controller_r_inst/counter_reg[1]/C is not reached by a timing clock
Related violations: <none>

TIMING-17#66 Warning
Non-clocked sequential cell  
The clock pin uart_receiver_inst/baud_controller_r_inst/counter_reg[20]/C is not reached by a timing clock
Related violations: <none>

TIMING-17#67 Warning
Non-clocked sequential cell  
The clock pin uart_receiver_inst/baud_controller_r_inst/counter_reg[21]/C is not reached by a timing clock
Related violations: <none>

TIMING-17#68 Warning
Non-clocked sequential cell  
The clock pin uart_receiver_inst/baud_controller_r_inst/counter_reg[22]/C is not reached by a timing clock
Related violations: <none>

TIMING-17#69 Warning
Non-clocked sequential cell  
The clock pin uart_receiver_inst/baud_controller_r_inst/counter_reg[23]/C is not reached by a timing clock
Related violations: <none>

TIMING-17#70 Warning
Non-clocked sequential cell  
The clock pin uart_receiver_inst/baud_controller_r_inst/counter_reg[24]/C is not reached by a timing clock
Related violations: <none>

TIMING-17#71 Warning
Non-clocked sequential cell  
The clock pin uart_receiver_inst/baud_controller_r_inst/counter_reg[25]/C is not reached by a timing clock
Related violations: <none>

TIMING-17#72 Warning
Non-clocked sequential cell  
The clock pin uart_receiver_inst/baud_controller_r_inst/counter_reg[26]/C is not reached by a timing clock
Related violations: <none>

TIMING-17#73 Warning
Non-clocked sequential cell  
The clock pin uart_receiver_inst/baud_controller_r_inst/counter_reg[27]/C is not reached by a timing clock
Related violations: <none>

TIMING-17#74 Warning
Non-clocked sequential cell  
The clock pin uart_receiver_inst/baud_controller_r_inst/counter_reg[28]/C is not reached by a timing clock
Related violations: <none>

TIMING-17#75 Warning
Non-clocked sequential cell  
The clock pin uart_receiver_inst/baud_controller_r_inst/counter_reg[29]/C is not reached by a timing clock
Related violations: <none>

TIMING-17#76 Warning
Non-clocked sequential cell  
The clock pin uart_receiver_inst/baud_controller_r_inst/counter_reg[2]/C is not reached by a timing clock
Related violations: <none>

TIMING-17#77 Warning
Non-clocked sequential cell  
The clock pin uart_receiver_inst/baud_controller_r_inst/counter_reg[30]/C is not reached by a timing clock
Related violations: <none>

TIMING-17#78 Warning
Non-clocked sequential cell  
The clock pin uart_receiver_inst/baud_controller_r_inst/counter_reg[31]/C is not reached by a timing clock
Related violations: <none>

TIMING-17#79 Warning
Non-clocked sequential cell  
The clock pin uart_receiver_inst/baud_controller_r_inst/counter_reg[3]/C is not reached by a timing clock
Related violations: <none>

TIMING-17#80 Warning
Non-clocked sequential cell  
The clock pin uart_receiver_inst/baud_controller_r_inst/counter_reg[4]/C is not reached by a timing clock
Related violations: <none>

TIMING-17#81 Warning
Non-clocked sequential cell  
The clock pin uart_receiver_inst/baud_controller_r_inst/counter_reg[5]/C is not reached by a timing clock
Related violations: <none>

TIMING-17#82 Warning
Non-clocked sequential cell  
The clock pin uart_receiver_inst/baud_controller_r_inst/counter_reg[6]/C is not reached by a timing clock
Related violations: <none>

TIMING-17#83 Warning
Non-clocked sequential cell  
The clock pin uart_receiver_inst/baud_controller_r_inst/counter_reg[7]/C is not reached by a timing clock
Related violations: <none>

TIMING-17#84 Warning
Non-clocked sequential cell  
The clock pin uart_receiver_inst/baud_controller_r_inst/counter_reg[8]/C is not reached by a timing clock
Related violations: <none>

TIMING-17#85 Warning
Non-clocked sequential cell  
The clock pin uart_receiver_inst/baud_controller_r_inst/counter_reg[9]/C is not reached by a timing clock
Related violations: <none>

TIMING-17#86 Warning
Non-clocked sequential cell  
The clock pin uart_receiver_inst/baud_controller_r_inst/sample_ENABLE_reg/C is not reached by a timing clock
Related violations: <none>

TIMING-17#87 Warning
Non-clocked sequential cell  
The clock pin uart_receiver_inst/bit_stable_reg/C is not reached by a timing clock
Related violations: <none>

TIMING-17#88 Warning
Non-clocked sequential cell  
The clock pin uart_receiver_inst/cur_bit_reg/C is not reached by a timing clock
Related violations: <none>

TIMING-17#89 Warning
Non-clocked sequential cell  
The clock pin uart_receiver_inst/prev_bit_reg/C is not reached by a timing clock
Related violations: <none>

TIMING-17#90 Warning
Non-clocked sequential cell  
The clock pin uart_receiver_inst/sample_counter_reg[0]/C is not reached by a timing clock
Related violations: <none>

TIMING-17#91 Warning
Non-clocked sequential cell  
The clock pin uart_receiver_inst/sample_counter_reg[1]/C is not reached by a timing clock
Related violations: <none>

TIMING-17#92 Warning
Non-clocked sequential cell  
The clock pin uart_receiver_inst/sample_counter_reg[2]/C is not reached by a timing clock
Related violations: <none>

TIMING-17#93 Warning
Non-clocked sequential cell  
The clock pin uart_receiver_inst/sample_counter_reg[3]/C is not reached by a timing clock
Related violations: <none>

TIMING-17#94 Warning
Non-clocked sequential cell  
The clock pin uart_receiver_inst/synchronizer_inst/sync_signal_reg/C is not reached by a timing clock
Related violations: <none>

TIMING-17#95 Warning
Non-clocked sequential cell  
The clock pin uart_receiver_inst/synchronizer_inst/sync_stage1_reg/C is not reached by a timing clock
Related violations: <none>

TIMING-17#96 Warning
Non-clocked sequential cell  
The clock pin uart_transmitter_inst/FSM_onehot_cur_state_reg[0]/C is not reached by a timing clock
Related violations: <none>

TIMING-17#97 Warning
Non-clocked sequential cell  
The clock pin uart_transmitter_inst/FSM_onehot_cur_state_reg[10]/C is not reached by a timing clock
Related violations: <none>

TIMING-17#98 Warning
Non-clocked sequential cell  
The clock pin uart_transmitter_inst/FSM_onehot_cur_state_reg[11]/C is not reached by a timing clock
Related violations: <none>

TIMING-17#99 Warning
Non-clocked sequential cell  
The clock pin uart_transmitter_inst/FSM_onehot_cur_state_reg[12]/C is not reached by a timing clock
Related violations: <none>

TIMING-17#100 Warning
Non-clocked sequential cell  
The clock pin uart_transmitter_inst/FSM_onehot_cur_state_reg[1]/C is not reached by a timing clock
Related violations: <none>

TIMING-17#101 Warning
Non-clocked sequential cell  
The clock pin uart_transmitter_inst/FSM_onehot_cur_state_reg[2]/C is not reached by a timing clock
Related violations: <none>

TIMING-17#102 Warning
Non-clocked sequential cell  
The clock pin uart_transmitter_inst/FSM_onehot_cur_state_reg[3]/C is not reached by a timing clock
Related violations: <none>

TIMING-17#103 Warning
Non-clocked sequential cell  
The clock pin uart_transmitter_inst/FSM_onehot_cur_state_reg[4]/C is not reached by a timing clock
Related violations: <none>

TIMING-17#104 Warning
Non-clocked sequential cell  
The clock pin uart_transmitter_inst/FSM_onehot_cur_state_reg[5]/C is not reached by a timing clock
Related violations: <none>

TIMING-17#105 Warning
Non-clocked sequential cell  
The clock pin uart_transmitter_inst/FSM_onehot_cur_state_reg[6]/C is not reached by a timing clock
Related violations: <none>

TIMING-17#106 Warning
Non-clocked sequential cell  
The clock pin uart_transmitter_inst/FSM_onehot_cur_state_reg[7]/C is not reached by a timing clock
Related violations: <none>

TIMING-17#107 Warning
Non-clocked sequential cell  
The clock pin uart_transmitter_inst/FSM_onehot_cur_state_reg[8]/C is not reached by a timing clock
Related violations: <none>

TIMING-17#108 Warning
Non-clocked sequential cell  
The clock pin uart_transmitter_inst/FSM_onehot_cur_state_reg[9]/C is not reached by a timing clock
Related violations: <none>

TIMING-17#109 Warning
Non-clocked sequential cell  
The clock pin uart_transmitter_inst/baud_controller_t_inst/counter_reg[0]/C is not reached by a timing clock
Related violations: <none>

TIMING-17#110 Warning
Non-clocked sequential cell  
The clock pin uart_transmitter_inst/baud_controller_t_inst/counter_reg[10]/C is not reached by a timing clock
Related violations: <none>

TIMING-17#111 Warning
Non-clocked sequential cell  
The clock pin uart_transmitter_inst/baud_controller_t_inst/counter_reg[11]/C is not reached by a timing clock
Related violations: <none>

TIMING-17#112 Warning
Non-clocked sequential cell  
The clock pin uart_transmitter_inst/baud_controller_t_inst/counter_reg[12]/C is not reached by a timing clock
Related violations: <none>

TIMING-17#113 Warning
Non-clocked sequential cell  
The clock pin uart_transmitter_inst/baud_controller_t_inst/counter_reg[13]/C is not reached by a timing clock
Related violations: <none>

TIMING-17#114 Warning
Non-clocked sequential cell  
The clock pin uart_transmitter_inst/baud_controller_t_inst/counter_reg[14]/C is not reached by a timing clock
Related violations: <none>

TIMING-17#115 Warning
Non-clocked sequential cell  
The clock pin uart_transmitter_inst/baud_controller_t_inst/counter_reg[15]/C is not reached by a timing clock
Related violations: <none>

TIMING-17#116 Warning
Non-clocked sequential cell  
The clock pin uart_transmitter_inst/baud_controller_t_inst/counter_reg[16]/C is not reached by a timing clock
Related violations: <none>

TIMING-17#117 Warning
Non-clocked sequential cell  
The clock pin uart_transmitter_inst/baud_controller_t_inst/counter_reg[17]/C is not reached by a timing clock
Related violations: <none>

TIMING-17#118 Warning
Non-clocked sequential cell  
The clock pin uart_transmitter_inst/baud_controller_t_inst/counter_reg[18]/C is not reached by a timing clock
Related violations: <none>

TIMING-17#119 Warning
Non-clocked sequential cell  
The clock pin uart_transmitter_inst/baud_controller_t_inst/counter_reg[19]/C is not reached by a timing clock
Related violations: <none>

TIMING-17#120 Warning
Non-clocked sequential cell  
The clock pin uart_transmitter_inst/baud_controller_t_inst/counter_reg[1]/C is not reached by a timing clock
Related violations: <none>

TIMING-17#121 Warning
Non-clocked sequential cell  
The clock pin uart_transmitter_inst/baud_controller_t_inst/counter_reg[20]/C is not reached by a timing clock
Related violations: <none>

TIMING-17#122 Warning
Non-clocked sequential cell  
The clock pin uart_transmitter_inst/baud_controller_t_inst/counter_reg[21]/C is not reached by a timing clock
Related violations: <none>

TIMING-17#123 Warning
Non-clocked sequential cell  
The clock pin uart_transmitter_inst/baud_controller_t_inst/counter_reg[22]/C is not reached by a timing clock
Related violations: <none>

TIMING-17#124 Warning
Non-clocked sequential cell  
The clock pin uart_transmitter_inst/baud_controller_t_inst/counter_reg[23]/C is not reached by a timing clock
Related violations: <none>

TIMING-17#125 Warning
Non-clocked sequential cell  
The clock pin uart_transmitter_inst/baud_controller_t_inst/counter_reg[24]/C is not reached by a timing clock
Related violations: <none>

TIMING-17#126 Warning
Non-clocked sequential cell  
The clock pin uart_transmitter_inst/baud_controller_t_inst/counter_reg[25]/C is not reached by a timing clock
Related violations: <none>

TIMING-17#127 Warning
Non-clocked sequential cell  
The clock pin uart_transmitter_inst/baud_controller_t_inst/counter_reg[26]/C is not reached by a timing clock
Related violations: <none>

TIMING-17#128 Warning
Non-clocked sequential cell  
The clock pin uart_transmitter_inst/baud_controller_t_inst/counter_reg[27]/C is not reached by a timing clock
Related violations: <none>

TIMING-17#129 Warning
Non-clocked sequential cell  
The clock pin uart_transmitter_inst/baud_controller_t_inst/counter_reg[28]/C is not reached by a timing clock
Related violations: <none>

TIMING-17#130 Warning
Non-clocked sequential cell  
The clock pin uart_transmitter_inst/baud_controller_t_inst/counter_reg[29]/C is not reached by a timing clock
Related violations: <none>

TIMING-17#131 Warning
Non-clocked sequential cell  
The clock pin uart_transmitter_inst/baud_controller_t_inst/counter_reg[2]/C is not reached by a timing clock
Related violations: <none>

TIMING-17#132 Warning
Non-clocked sequential cell  
The clock pin uart_transmitter_inst/baud_controller_t_inst/counter_reg[30]/C is not reached by a timing clock
Related violations: <none>

TIMING-17#133 Warning
Non-clocked sequential cell  
The clock pin uart_transmitter_inst/baud_controller_t_inst/counter_reg[31]/C is not reached by a timing clock
Related violations: <none>

TIMING-17#134 Warning
Non-clocked sequential cell  
The clock pin uart_transmitter_inst/baud_controller_t_inst/counter_reg[3]/C is not reached by a timing clock
Related violations: <none>

TIMING-17#135 Warning
Non-clocked sequential cell  
The clock pin uart_transmitter_inst/baud_controller_t_inst/counter_reg[4]/C is not reached by a timing clock
Related violations: <none>

TIMING-17#136 Warning
Non-clocked sequential cell  
The clock pin uart_transmitter_inst/baud_controller_t_inst/counter_reg[5]/C is not reached by a timing clock
Related violations: <none>

TIMING-17#137 Warning
Non-clocked sequential cell  
The clock pin uart_transmitter_inst/baud_controller_t_inst/counter_reg[6]/C is not reached by a timing clock
Related violations: <none>

TIMING-17#138 Warning
Non-clocked sequential cell  
The clock pin uart_transmitter_inst/baud_controller_t_inst/counter_reg[7]/C is not reached by a timing clock
Related violations: <none>

TIMING-17#139 Warning
Non-clocked sequential cell  
The clock pin uart_transmitter_inst/baud_controller_t_inst/counter_reg[8]/C is not reached by a timing clock
Related violations: <none>

TIMING-17#140 Warning
Non-clocked sequential cell  
The clock pin uart_transmitter_inst/baud_controller_t_inst/counter_reg[9]/C is not reached by a timing clock
Related violations: <none>

TIMING-17#141 Warning
Non-clocked sequential cell  
The clock pin uart_transmitter_inst/baud_controller_t_inst/sample_ENABLE_reg/C is not reached by a timing clock
Related violations: <none>

TIMING-17#142 Warning
Non-clocked sequential cell  
The clock pin write_debouncer/FF_wire_reg[0]/C is not reached by a timing clock
Related violations: <none>

TIMING-17#143 Warning
Non-clocked sequential cell  
The clock pin write_debouncer/FF_wire_reg[1]/C is not reached by a timing clock
Related violations: <none>

TIMING-17#144 Warning
Non-clocked sequential cell  
The clock pin write_debouncer/FF_wire_reg[2]/C is not reached by a timing clock
Related violations: <none>

TIMING-17#145 Warning
Non-clocked sequential cell  
The clock pin write_debouncer/button_debounced_reg/C is not reached by a timing clock
Related violations: <none>

TIMING-17#146 Warning
Non-clocked sequential cell  
The clock pin write_debouncer/counter_reg[0]/C is not reached by a timing clock
Related violations: <none>

TIMING-17#147 Warning
Non-clocked sequential cell  
The clock pin write_debouncer/counter_reg[1]/C is not reached by a timing clock
Related violations: <none>

TIMING-17#148 Warning
Non-clocked sequential cell  
The clock pin write_debouncer/counter_reg[2]/C is not reached by a timing clock
Related violations: <none>

TIMING-17#149 Warning
Non-clocked sequential cell  
The clock pin write_debouncer/counter_reg[3]/C is not reached by a timing clock
Related violations: <none>

TIMING-17#150 Warning
Non-clocked sequential cell  
The clock pin write_debouncer/counter_reg[4]/C is not reached by a timing clock
Related violations: <none>


